<?xml version="1.0" encoding="UTF-8"?>
<testsuite name="com.example.BankSampah.BankSampahApplicationTests" tests="1" skipped="0" failures="0" errors="0" timestamp="2024-12-02T13:29:04" hostname="YOHAN" time="0.898">
  <properties/>
  <testcase name="contextLoads()" classname="com.example.BankSampah.BankSampahApplicationTests" time="0.898"/>
  <system-out><![CDATA[20:29:00.674 [Test worker] INFO org.springframework.test.context.support.AnnotationConfigContextLoaderUtils -- Could not detect default configuration classes for test class [com.example.BankSampah.BankSampahApplicationTests]: BankSampahApplicationTests does not declare any static, non-private, non-final, nested classes annotated with @Configuration.
20:29:00.831 [Test worker] INFO org.springframework.boot.test.context.SpringBootTestContextBootstrapper -- Found @SpringBootConfiguration com.example.BankSampah.BankSampahApplication for test class com.example.BankSampah.BankSampahApplicationTests

  .   ____          _            __ _ _
 /\\ / ___'_ __ _ _(_)_ __  __ _ \ \ \ \
( ( )\___ | '_ | '_| | '_ \/ _` | \ \ \ \
 \\/  ___)| |_)| | | | | || (_| |  ) ) ) )
  '  |____| .__|_| |_|_| |_\__, | / / / /
 =========|_|==============|___/=/_/_/_/

 :: Spring Boot ::                (v3.4.0)

2024-12-02T20:29:01.495+07:00  INFO 18444 --- [BankSampah] [    Test worker] c.e.B.BankSampahApplicationTests         : Starting BankSampahApplicationTests using Java 19.0.2 with PID 18444 (started by HP VICTUS in D:\Tugas\BankSampah\BankSampah)
2024-12-02T20:29:01.497+07:00  INFO 18444 --- [BankSampah] [    Test worker] c.e.B.BankSampahApplicationTests         : No active profile set, falling back to 1 default profile: "default"
2024-12-02T20:29:03.657+07:00  INFO 18444 --- [BankSampah] [    Test worker] o.s.b.a.w.s.WelcomePageHandlerMapping    : Adding welcome page template: index
2024-12-02T20:29:04.414+07:00  INFO 18444 --- [BankSampah] [    Test worker] c.e.B.BankSampahApplicationTests         : Started BankSampahApplicationTests in 3.35 seconds (process running for 5.282)
]]></system-out>
  <system-err><![CDATA[]]></system-err>
</testsuite>
