<?xml version="1.0" encoding="UTF-8"?>
<testsuite name="com.example.BankSampah.BankSampahApplicationTests" tests="1" skipped="0" failures="0" errors="0" timestamp="2024-11-25T16:39:13" hostname="MSI" time="0.743">
  <properties/>
  <testcase name="contextLoads()" classname="com.example.BankSampah.BankSampahApplicationTests" time="0.743"/>
  <system-out><![CDATA[23:39:11.050 [Test worker] INFO org.springframework.test.context.support.AnnotationConfigContextLoaderUtils -- Could not detect default configuration classes for test class [com.example.BankSampah.BankSampahApplicationTests]: BankSampahApplicationTests does not declare any static, non-private, non-final, nested classes annotated with @Configuration.
23:39:11.184 [Test worker] INFO org.springframework.boot.test.context.SpringBootTestContextBootstrapper -- Found @SpringBootConfiguration com.example.BankSampah.BankSampahApplication for test class com.example.BankSampah.BankSampahApplicationTests

  .   ____          _            __ _ _
 /\\ / ___'_ __ _ _(_)_ __  __ _ \ \ \ \
( ( )\___ | '_ | '_| | '_ \/ _` | \ \ \ \
 \\/  ___)| |_)| | | | | || (_| |  ) ) ) )
  '  |____| .__|_| |_|_| |_\__, | / / / /
 =========|_|==============|___/=/_/_/_/

 :: Spring Boot ::                (v3.4.0)

2024-11-25T23:39:11.599+07:00  INFO 22572 --- [BankSampah] [    Test worker] c.e.B.BankSampahApplicationTests         : Starting BankSampahApplicationTests using Java 17.0.9 with PID 22572 (started by Jensen in C:\Users\Jensen\BankSampah\BankSampah)
2024-11-25T23:39:11.601+07:00  INFO 22572 --- [BankSampah] [    Test worker] c.e.B.BankSampahApplicationTests         : No active profile set, falling back to 1 default profile: "default"
2024-11-25T23:39:12.813+07:00  INFO 22572 --- [BankSampah] [    Test worker] o.s.b.a.w.s.WelcomePageHandlerMapping    : Adding welcome page template: index
2024-11-25T23:39:13.746+07:00  INFO 22572 --- [BankSampah] [    Test worker] c.e.B.BankSampahApplicationTests         : Started BankSampahApplicationTests in 2.399 seconds (process running for 3.612)
]]></system-out>
  <system-err><![CDATA[]]></system-err>
</testsuite>
